<?xml version="1.0" encoding="UTF-8"?>
<testsuite xmlns:xsi="http://www.w3.org/2001/XMLSchema-instance" xsi:noNamespaceSchemaLocation="https://maven.apache.org/surefire/maven-surefire-plugin/xsd/surefire-test-report.xsd" name="BDD.APIFrameworkBDD.cucumber.Options.TestRunner" time="4.696" tests="2" errors="0" skipped="0" failures="0">
  <properties>
[...]
</properties>
  <testcase name="Verify if order deletion is Successful" classname="Cancle Payout API for KPMG." time="3.178"/>
  <testcase name="Verify if order creation is Successful with valid request parameters" classname="Create Order API for KPMG." time="0.915"/>
</testsuite>